
*** Running vivado
    with args -log fpga_fifoQ.vds -m64 -product Vivado -mode batch -messageDb vivado.pb -notrace -source fpga_fifoQ.tcl


****** Vivado v2017.4 (64-bit)
  **** SW Build 2086221 on Fri Dec 15 20:55:39 MST 2017
  **** IP Build 2085800 on Fri Dec 15 22:25:07 MST 2017
    ** Copyright 1986-2017 Xilinx, Inc. All Rights Reserved.

source fpga_fifoQ.tcl -notrace
Command: synth_design -top fpga_fifoQ -part xc7a100tcsg324-1
Starting synth_design
Attempting to get a license for feature 'Synthesis' and/or device 'xc7a100t'
INFO: [Common 17-349] Got license for feature 'Synthesis' and/or device 'xc7a100t'
INFO: Launching helper process for spawning children vivado processes
INFO: Helper process launched with PID 1244 
---------------------------------------------------------------------------------
Starting RTL Elaboration : Time (s): cpu = 00:00:07 ; elapsed = 00:00:08 . Memory (MB): peak = 388.426 ; gain = 98.160
---------------------------------------------------------------------------------
INFO: [Synth 8-638] synthesizing module 'fpga_fifoQ' [C:/Users/theal/Documents/SCHOOL/CMPE 125 Lab/GitLabs/lab6/lab6.srcs/sources_1/new/fpga_fifoQ.v:3]
INFO: [Synth 8-638] synthesizing module 'clk_gen' [C:/Users/theal/Documents/SCHOOL/CMPE 125 Lab/GitLabs/lab6/lab6.srcs/sources_1/new/clk_gen.v:1]
INFO: [Synth 8-256] done synthesizing module 'clk_gen' (1#1) [C:/Users/theal/Documents/SCHOOL/CMPE 125 Lab/GitLabs/lab6/lab6.srcs/sources_1/new/clk_gen.v:1]
INFO: [Synth 8-638] synthesizing module 'button_debouncer' [C:/Users/theal/Documents/SCHOOL/CMPE 125 Lab/GitLabs/lab6/lab6.srcs/sources_1/new/debounce2.v:1]
	Parameter depth bound to: 16 - type: integer 
	Parameter history_max bound to: 65535 - type: integer 
INFO: [Synth 8-256] done synthesizing module 'button_debouncer' (2#1) [C:/Users/theal/Documents/SCHOOL/CMPE 125 Lab/GitLabs/lab6/lab6.srcs/sources_1/new/debounce2.v:1]
INFO: [Synth 8-638] synthesizing module 'fifoQ' [C:/Users/theal/Documents/SCHOOL/CMPE 125 Lab/GitLabs/lab6/lab6.srcs/sources_1/new/fifoQ.v:3]
	Parameter bus_width bound to: 4 - type: integer 
	Parameter addr_width bound to: 3 - type: integer 
	Parameter fifo_depth bound to: 8 - type: integer 
WARNING: [Synth 8-5788] Register mem_reg in module fifoQ is has both Set and reset with same priority. This may cause simulation mismatches. Consider rewriting code 
WARNING: [Synth 8-4767] Trying to implement RAM 'mem_reg' in registers. Block RAM or DRAM implementation is not possible; see log for reasons.
Reason is one or more of the following :
	1: RAM is sensitive to asynchronous reset signal. this RTL style is not supported. 
RAM "mem_reg" dissolved into registers
INFO: [Synth 8-256] done synthesizing module 'fifoQ' (3#1) [C:/Users/theal/Documents/SCHOOL/CMPE 125 Lab/GitLabs/lab6/lab6.srcs/sources_1/new/fifoQ.v:3]
INFO: [Synth 8-256] done synthesizing module 'fpga_fifoQ' (4#1) [C:/Users/theal/Documents/SCHOOL/CMPE 125 Lab/GitLabs/lab6/lab6.srcs/sources_1/new/fpga_fifoQ.v:3]
---------------------------------------------------------------------------------
Finished RTL Elaboration : Time (s): cpu = 00:00:09 ; elapsed = 00:00:09 . Memory (MB): peak = 440.215 ; gain = 149.949
---------------------------------------------------------------------------------

Report Check Netlist: 
+------+------------------+-------+---------+-------+------------------+
|      |Item              |Errors |Warnings |Status |Description       |
+------+------------------+-------+---------+-------+------------------+
|1     |multi_driven_nets |      0|        0|Passed |Multi driven nets |
+------+------------------+-------+---------+-------+------------------+
---------------------------------------------------------------------------------
Finished RTL Optimization Phase 1 : Time (s): cpu = 00:00:09 ; elapsed = 00:00:09 . Memory (MB): peak = 440.215 ; gain = 149.949
---------------------------------------------------------------------------------
INFO: [Device 21-403] Loading part xc7a100tcsg324-1
INFO: [Project 1-570] Preparing netlist for logic optimization

Processing XDC Constraints
Initializing timing engine
Parsing XDC File [C:/Users/theal/Documents/SCHOOL/CMPE 125 Lab/GitLabs/lab6/lab6.srcs/constrs_1/new/constraint_fifoQ.xdc]
Finished Parsing XDC File [C:/Users/theal/Documents/SCHOOL/CMPE 125 Lab/GitLabs/lab6/lab6.srcs/constrs_1/new/constraint_fifoQ.xdc]
INFO: [Project 1-236] Implementation specific constraints were found while reading constraint file [C:/Users/theal/Documents/SCHOOL/CMPE 125 Lab/GitLabs/lab6/lab6.srcs/constrs_1/new/constraint_fifoQ.xdc]. These constraints will be ignored for synthesis but will be used in implementation. Impacted constraints are listed in the file [.Xil/fpga_fifoQ_propImpl.xdc].
Resolution: To avoid this warning, move constraints listed in [.Xil/fpga_fifoQ_propImpl.xdc] to another XDC file and exclude this new file from synthesis with the used_in_synthesis property (File Properties dialog in GUI) and re-run elaboration/synthesis.
Completed Processing XDC Constraints

INFO: [Project 1-111] Unisim Transformation Summary:
No Unisim elements were transformed.

Constraint Validation Runtime : Time (s): cpu = 00:00:00 ; elapsed = 00:00:00.004 . Memory (MB): peak = 791.465 ; gain = 0.000
---------------------------------------------------------------------------------
Finished Constraint Validation : Time (s): cpu = 00:00:25 ; elapsed = 00:00:27 . Memory (MB): peak = 791.465 ; gain = 501.199
---------------------------------------------------------------------------------
---------------------------------------------------------------------------------
Start Loading Part and Timing Information
---------------------------------------------------------------------------------
Loading part: xc7a100tcsg324-1
---------------------------------------------------------------------------------
Finished Loading Part and Timing Information : Time (s): cpu = 00:00:25 ; elapsed = 00:00:27 . Memory (MB): peak = 791.465 ; gain = 501.199
---------------------------------------------------------------------------------
---------------------------------------------------------------------------------
Start Applying 'set_property' XDC Constraints
---------------------------------------------------------------------------------
---------------------------------------------------------------------------------
Finished applying 'set_property' XDC Constraints : Time (s): cpu = 00:00:25 ; elapsed = 00:00:27 . Memory (MB): peak = 791.465 ; gain = 501.199
---------------------------------------------------------------------------------
INFO: [Synth 8-5545] ROM "count1" won't be mapped to RAM because address size (32) is larger than maximum supported(25)
INFO: [Synth 8-5545] ROM "clk_4sec" won't be mapped to RAM because address size (32) is larger than maximum supported(25)
INFO: [Synth 8-5545] ROM "count2" won't be mapped to RAM because address size (32) is larger than maximum supported(25)
INFO: [Synth 8-5545] ROM "clk_5KHz" won't be mapped to RAM because address size (32) is larger than maximum supported(25)
INFO: [Synth 8-5546] ROM "debounced_button0" won't be mapped to RAM because it is too sparse
WARNING: [Synth 8-6014] Unused sequential element r_ptr_reg was removed.  [C:/Users/theal/Documents/SCHOOL/CMPE 125 Lab/GitLabs/lab6/lab6.srcs/sources_1/new/fifoQ.v:21]
WARNING: [Synth 8-6014] Unused sequential element w_ptr_reg was removed.  [C:/Users/theal/Documents/SCHOOL/CMPE 125 Lab/GitLabs/lab6/lab6.srcs/sources_1/new/fifoQ.v:22]
---------------------------------------------------------------------------------
Finished RTL Optimization Phase 2 : Time (s): cpu = 00:00:26 ; elapsed = 00:00:28 . Memory (MB): peak = 791.465 ; gain = 501.199
---------------------------------------------------------------------------------

Report RTL Partitions: 
+-+--------------+------------+----------+
| |RTL Partition |Replication |Instances |
+-+--------------+------------+----------+
+-+--------------+------------+----------+
---------------------------------------------------------------------------------
Start RTL Component Statistics 
---------------------------------------------------------------------------------
Detailed RTL Component Info : 
+---Adders : 
	   2 Input     32 Bit       Adders := 2     
	   2 Input      4 Bit       Adders := 2     
+---Registers : 
	               32 Bit    Registers := 2     
	               16 Bit    Registers := 1     
	                4 Bit    Registers := 10    
	                1 Bit    Registers := 3     
+---Muxes : 
	   2 Input     32 Bit        Muxes := 2     
	   2 Input      4 Bit        Muxes := 1     
	   2 Input      1 Bit        Muxes := 12    
---------------------------------------------------------------------------------
Finished RTL Component Statistics 
---------------------------------------------------------------------------------
---------------------------------------------------------------------------------
Start RTL Hierarchical Component Statistics 
---------------------------------------------------------------------------------
Hierarchical RTL Component report 
Module clk_gen 
Detailed RTL Component Info : 
+---Adders : 
	   2 Input     32 Bit       Adders := 2     
+---Registers : 
	               32 Bit    Registers := 2     
	                1 Bit    Registers := 2     
+---Muxes : 
	   2 Input     32 Bit        Muxes := 2     
	   2 Input      1 Bit        Muxes := 2     
Module button_debouncer 
Detailed RTL Component Info : 
+---Registers : 
	               16 Bit    Registers := 1     
	                1 Bit    Registers := 1     
+---Muxes : 
	   2 Input      1 Bit        Muxes := 1     
Module fifoQ 
Detailed RTL Component Info : 
+---Adders : 
	   2 Input      4 Bit       Adders := 2     
+---Registers : 
	                4 Bit    Registers := 10    
+---Muxes : 
	   2 Input      4 Bit        Muxes := 1     
	   2 Input      1 Bit        Muxes := 9     
---------------------------------------------------------------------------------
Finished RTL Hierarchical Component Statistics
---------------------------------------------------------------------------------
---------------------------------------------------------------------------------
Start Part Resource Summary
---------------------------------------------------------------------------------
Part Resources:
DSPs: 240 (col length:80)
BRAMs: 270 (col length: RAMB18 80 RAMB36 40)
---------------------------------------------------------------------------------
Finished Part Resource Summary
---------------------------------------------------------------------------------
---------------------------------------------------------------------------------
Start Cross Boundary and Area Optimization
---------------------------------------------------------------------------------
WARNING: [Synth 8-6014] Unused sequential element CLK/count1_reg was removed.  [C:/Users/theal/Documents/SCHOOL/CMPE 125 Lab/GitLabs/lab6/lab6.srcs/sources_1/new/clk_gen.v:8]
WARNING: [Synth 8-6014] Unused sequential element CLK/clk_4sec_reg was removed.  [C:/Users/theal/Documents/SCHOOL/CMPE 125 Lab/GitLabs/lab6/lab6.srcs/sources_1/new/clk_gen.v:8]
INFO: [Synth 8-5545] ROM "CLK/count2" won't be mapped to RAM because address size (32) is larger than maximum supported(25)
INFO: [Synth 8-5545] ROM "CLK/clk_5KHz" won't be mapped to RAM because address size (32) is larger than maximum supported(25)
INFO: [Synth 8-5546] ROM "BD/debounced_button0" won't be mapped to RAM because it is too sparse
WARNING: [Synth 8-6014] Unused sequential element TOP/w_ptr_reg was removed.  [C:/Users/theal/Documents/SCHOOL/CMPE 125 Lab/GitLabs/lab6/lab6.srcs/sources_1/new/fifoQ.v:22]
WARNING: [Synth 8-6014] Unused sequential element TOP/r_ptr_reg was removed.  [C:/Users/theal/Documents/SCHOOL/CMPE 125 Lab/GitLabs/lab6/lab6.srcs/sources_1/new/fifoQ.v:21]
INFO: [Synth 8-3886] merging instance 'D_out_reg__0i_7' (FDPE) to 'D_out_reg__0i_5'
INFO: [Synth 8-3886] merging instance 'D_out_reg__0i_6' (FDPE) to 'D_out_reg__0i_5'
INFO: [Synth 8-3886] merging instance 'D_out_reg__0i_5' (FDPE) to 'D_out_reg__0i_4'
---------------------------------------------------------------------------------
Finished Cross Boundary and Area Optimization : Time (s): cpu = 00:00:27 ; elapsed = 00:00:29 . Memory (MB): peak = 791.465 ; gain = 501.199
---------------------------------------------------------------------------------

Report RTL Partitions: 
+-+--------------+------------+----------+
| |RTL Partition |Replication |Instances |
+-+--------------+------------+----------+
+-+--------------+------------+----------+
---------------------------------------------------------------------------------
Start Applying XDC Timing Constraints
---------------------------------------------------------------------------------
---------------------------------------------------------------------------------
Finished Applying XDC Timing Constraints : Time (s): cpu = 00:00:41 ; elapsed = 00:00:43 . Memory (MB): peak = 791.465 ; gain = 501.199
---------------------------------------------------------------------------------
---------------------------------------------------------------------------------
Start Timing Optimization
---------------------------------------------------------------------------------
---------------------------------------------------------------------------------
Finished Timing Optimization : Time (s): cpu = 00:00:41 ; elapsed = 00:00:43 . Memory (MB): peak = 799.016 ; gain = 508.750
---------------------------------------------------------------------------------

Report RTL Partitions: 
+-+--------------+------------+----------+
| |RTL Partition |Replication |Instances |
+-+--------------+------------+----------+
+-+--------------+------------+----------+
---------------------------------------------------------------------------------
Start Technology Mapping
---------------------------------------------------------------------------------
---------------------------------------------------------------------------------
Finished Technology Mapping : Time (s): cpu = 00:00:41 ; elapsed = 00:00:43 . Memory (MB): peak = 799.785 ; gain = 509.520
---------------------------------------------------------------------------------

Report RTL Partitions: 
+-+--------------+------------+----------+
| |RTL Partition |Replication |Instances |
+-+--------------+------------+----------+
+-+--------------+------------+----------+
---------------------------------------------------------------------------------
Start IO Insertion
---------------------------------------------------------------------------------
---------------------------------------------------------------------------------
Start Flattening Before IO Insertion
---------------------------------------------------------------------------------
---------------------------------------------------------------------------------
Finished Flattening Before IO Insertion
---------------------------------------------------------------------------------
---------------------------------------------------------------------------------
Start Final Netlist Cleanup
---------------------------------------------------------------------------------
---------------------------------------------------------------------------------
Finished Final Netlist Cleanup
---------------------------------------------------------------------------------
---------------------------------------------------------------------------------
Finished IO Insertion : Time (s): cpu = 00:00:43 ; elapsed = 00:00:45 . Memory (MB): peak = 799.785 ; gain = 509.520
---------------------------------------------------------------------------------

Report Check Netlist: 
+------+------------------+-------+---------+-------+------------------+
|      |Item              |Errors |Warnings |Status |Description       |
+------+------------------+-------+---------+-------+------------------+
|1     |multi_driven_nets |      0|        0|Passed |Multi driven nets |
+------+------------------+-------+---------+-------+------------------+
---------------------------------------------------------------------------------
Start Renaming Generated Instances
---------------------------------------------------------------------------------
---------------------------------------------------------------------------------
Finished Renaming Generated Instances : Time (s): cpu = 00:00:43 ; elapsed = 00:00:45 . Memory (MB): peak = 799.785 ; gain = 509.520
---------------------------------------------------------------------------------

Report RTL Partitions: 
+-+--------------+------------+----------+
| |RTL Partition |Replication |Instances |
+-+--------------+------------+----------+
+-+--------------+------------+----------+
---------------------------------------------------------------------------------
Start Rebuilding User Hierarchy
---------------------------------------------------------------------------------
---------------------------------------------------------------------------------
Finished Rebuilding User Hierarchy : Time (s): cpu = 00:00:43 ; elapsed = 00:00:45 . Memory (MB): peak = 799.785 ; gain = 509.520
---------------------------------------------------------------------------------
---------------------------------------------------------------------------------
Start Renaming Generated Ports
---------------------------------------------------------------------------------
---------------------------------------------------------------------------------
Finished Renaming Generated Ports : Time (s): cpu = 00:00:43 ; elapsed = 00:00:45 . Memory (MB): peak = 799.785 ; gain = 509.520
---------------------------------------------------------------------------------
---------------------------------------------------------------------------------
Start Handling Custom Attributes
---------------------------------------------------------------------------------
---------------------------------------------------------------------------------
Finished Handling Custom Attributes : Time (s): cpu = 00:00:43 ; elapsed = 00:00:45 . Memory (MB): peak = 799.785 ; gain = 509.520
---------------------------------------------------------------------------------
---------------------------------------------------------------------------------
Start Renaming Generated Nets
---------------------------------------------------------------------------------
---------------------------------------------------------------------------------
Finished Renaming Generated Nets : Time (s): cpu = 00:00:43 ; elapsed = 00:00:45 . Memory (MB): peak = 799.785 ; gain = 509.520
---------------------------------------------------------------------------------
---------------------------------------------------------------------------------
Start Writing Synthesis Report
---------------------------------------------------------------------------------

Report BlackBoxes: 
+-+--------------+----------+
| |BlackBox name |Instances |
+-+--------------+----------+
+-+--------------+----------+

Report Cell Usage: 
+------+-------+------+
|      |Cell   |Count |
+------+-------+------+
|1     |BUFG   |     2|
|2     |CARRY4 |     8|
|3     |LUT1   |     5|
|4     |LUT2   |     2|
|5     |LUT3   |     4|
|6     |LUT4   |     6|
|7     |LUT5   |    21|
|8     |LUT6   |    12|
|9     |MUXF7  |     4|
|10    |FDCE   |    13|
|11    |FDRE   |    82|
|12    |IBUF   |     9|
|13    |OBUF   |     8|
|14    |OBUFT  |     4|
+------+-------+------+

Report Instance Areas: 
+------+---------+-----------------+------+
|      |Instance |Module           |Cells |
+------+---------+-----------------+------+
|1     |top      |                 |   180|
|2     |  BD     |button_debouncer |    20|
|3     |  CLK    |clk_gen          |    56|
|4     |  TOP    |fifoQ            |    80|
+------+---------+-----------------+------+
---------------------------------------------------------------------------------
Finished Writing Synthesis Report : Time (s): cpu = 00:00:43 ; elapsed = 00:00:45 . Memory (MB): peak = 799.785 ; gain = 509.520
---------------------------------------------------------------------------------
Synthesis finished with 0 errors, 0 critical warnings and 6 warnings.
Synthesis Optimization Runtime : Time (s): cpu = 00:00:26 ; elapsed = 00:00:36 . Memory (MB): peak = 799.785 ; gain = 158.270
Synthesis Optimization Complete : Time (s): cpu = 00:00:43 ; elapsed = 00:00:45 . Memory (MB): peak = 799.785 ; gain = 509.520
INFO: [Project 1-571] Translating synthesized netlist
INFO: [Netlist 29-17] Analyzing 21 Unisim elements for replacement
INFO: [Netlist 29-28] Unisim Transformation completed in 0 CPU seconds
INFO: [Project 1-570] Preparing netlist for logic optimization
INFO: [Opt 31-138] Pushed 0 inverter(s) to 0 load pin(s).
INFO: [Project 1-111] Unisim Transformation Summary:
No Unisim elements were transformed.

INFO: [Common 17-83] Releasing license: Synthesis
31 Infos, 8 Warnings, 0 Critical Warnings and 0 Errors encountered.
synth_design completed successfully
synth_design: Time (s): cpu = 00:00:45 ; elapsed = 00:00:49 . Memory (MB): peak = 799.785 ; gain = 522.457
INFO: [Common 17-1381] The checkpoint 'C:/Users/theal/Documents/SCHOOL/CMPE 125 Lab/GitLabs/lab6/lab6.runs/synth_1/fpga_fifoQ.dcp' has been generated.
INFO: [runtcl-4] Executing : report_utilization -file fpga_fifoQ_utilization_synth.rpt -pb fpga_fifoQ_utilization_synth.pb
report_utilization: Time (s): cpu = 00:00:00 ; elapsed = 00:00:00.063 . Memory (MB): peak = 799.785 ; gain = 0.000
INFO: [Common 17-206] Exiting Vivado at Mon Apr  2 14:53:34 2018...
