#-----------------------------------------------------------
# Vivado v2017.4 (64-bit)
# SW Build 2086221 on Fri Dec 15 20:55:39 MST 2017
# IP Build 2085800 on Fri Dec 15 22:25:07 MST 2017
# Start of session at: Thu Apr 19 23:30:13 2018
# Process ID: 1968
# Current directory: C:/Users/theal/Documents/SCHOOL/CMPE 125 Lab/GitLabs/lab8
# Command line: vivado.exe -gui_launcher_event rodinguilauncherevent4672 C:\Users\theal\Documents\SCHOOL\CMPE 125 Lab\GitLabs\lab8\lab8.xpr
# Log file: C:/Users/theal/Documents/SCHOOL/CMPE 125 Lab/GitLabs/lab8/vivado.log
# Journal file: C:/Users/theal/Documents/SCHOOL/CMPE 125 Lab/GitLabs/lab8\vivado.jou
#-----------------------------------------------------------
start_gui
open_project {C:/Users/theal/Documents/SCHOOL/CMPE 125 Lab/GitLabs/lab8/lab8.xpr}
INFO: [Project 1-313] Project file moved from 'C:/Users/uditc/lab8' since last save.
Scanning sources...
Finished scanning sources
WARNING: [filemgmt 56-2] IPUserFilesDir: Could not find the directory 'C:/Users/theal/Documents/SCHOOL/CMPE 125 Lab/GitLabs/lab8/lab8.ip_user_files', nor could it be found using path 'C:/Users/uditc/lab8/lab8.ip_user_files'.
INFO: [IP_Flow 19-234] Refreshing IP repositories
INFO: [IP_Flow 19-1704] No user IP repositories specified
INFO: [IP_Flow 19-2313] Loaded Vivado IP repository 'C:/Xilinx/Vivado/2017.4/data/ip'.
open_project: Time (s): cpu = 00:00:19 ; elapsed = 00:00:12 . Memory (MB): peak = 800.285 ; gain = 120.766
update_compile_order -fileset sources_1
export_ip_user_files -of_objects  [get_files {{C:/Users/theal/Documents/SCHOOL/CMPE 125 Lab/GitLabs/lab8/lab8.srcs/sources_1/new/divider.v}}] -no_script -reset -force -quiet
remove_files  {{C:/Users/theal/Documents/SCHOOL/CMPE 125 Lab/GitLabs/lab8/lab8.srcs/sources_1/new/divider.v}}
update_compile_order -fileset sources_1
add_files -norecurse {{C:/Users/theal/Documents/SCHOOL/CMPE 125 Lab/GitLabs/lab3/Lab_3.srcs/sources_1/new/right_shifter_rotator.v}}
update_compile_order -fileset sources_1
export_ip_user_files -of_objects  [get_files {{C:/Users/theal/Documents/SCHOOL/CMPE 125 Lab/GitLabs/lab8/lab8.srcs/sources_1/new/shift_register.v}}] -no_script -reset -force -quiet
remove_files  {{C:/Users/theal/Documents/SCHOOL/CMPE 125 Lab/GitLabs/lab8/lab8.srcs/sources_1/new/shift_register.v}}
close [ open {C:/Users/theal/Documents/SCHOOL/CMPE 125 Lab/GitLabs/lab8/lab8.srcs/sources_1/new/comparator_z.v} w ]
add_files {{C:/Users/theal/Documents/SCHOOL/CMPE 125 Lab/GitLabs/lab8/lab8.srcs/sources_1/new/comparator_z.v}}
update_compile_order -fileset sources_1
update_compile_order -fileset sources_1
update_compile_order -fileset sources_1
update_compile_order -fileset sources_1
update_compile_order -fileset sources_1
close [ open {C:/Users/theal/Documents/SCHOOL/CMPE 125 Lab/GitLabs/lab8/lab8.srcs/sources_1/new/divider_DP_CU.v} w ]
add_files {{C:/Users/theal/Documents/SCHOOL/CMPE 125 Lab/GitLabs/lab8/lab8.srcs/sources_1/new/divider_DP_CU.v}}
update_compile_order -fileset sources_1
update_compile_order -fileset sources_1
export_ip_user_files -of_objects  [get_files {{C:/Users/theal/Documents/SCHOOL/CMPE 125 Lab/GitLabs/lab8/lab8.srcs/sources_1/new/divider_DP_CU.v}}] -no_script -reset -force -quiet
remove_files  {{C:/Users/theal/Documents/SCHOOL/CMPE 125 Lab/GitLabs/lab8/lab8.srcs/sources_1/new/divider_DP_CU.v}}
update_compile_order -fileset sources_1
export_ip_user_files -of_objects  [get_files {{C:/Users/theal/Documents/SCHOOL/CMPE 125 Lab/GitLabs/lab8/lab8.srcs/sources_1/new/divider_cu.v}}] -no_script -reset -force -quiet
remove_files  {{C:/Users/theal/Documents/SCHOOL/CMPE 125 Lab/GitLabs/lab8/lab8.srcs/sources_1/new/divider_cu.v}}
export_ip_user_files -of_objects  [get_files {{C:/Users/theal/Documents/SCHOOL/CMPE 125 Lab/GitLabs/lab8/lab8.srcs/sources_1/new/divider_fpga.v}}] -no_script -reset -force -quiet
remove_files  {{C:/Users/theal/Documents/SCHOOL/CMPE 125 Lab/GitLabs/lab8/lab8.srcs/sources_1/new/divider_fpga.v}}
update_compile_order -fileset sources_1
update_compile_order -fileset sources_1
add_files -norecurse {{C:/Users/theal/Documents/SCHOOL/CMPE 125 Lab/GitLabs/lab8/lab8.srcs/sources_1/new/divider_cu.v}}
update_compile_order -fileset sources_1
file mkdir C:/Users/theal/Documents/SCHOOL/CMPE 125 Lab/GitLabs/lab8/lab8.srcs/sim_1/new
can't create directory "C:/Users/theal/Documents/SCHOOL/CMPE": file already exists
file mkdir C:/Users/theal/Documents/SCHOOL/CMPE 125 Lab/GitLabs/lab8/lab8.srcs/sim_1/new
can't create directory "C:/Users/theal/Documents/SCHOOL/CMPE": file already exists
file mkdir C:/Users/theal/Documents/SCHOOL/CMPE 125 Lab/GitLabs/lab8/lab8.srcs/sim_1/new
can't create directory "C:/Users/theal/Documents/SCHOOL/CMPE": file already exists
file mkdir C:/Users/theal/Documents/SCHOOL/CMPE 125 Lab/GitLabs/lab8/lab8.srcs/sim_1/new
can't create directory "C:/Users/theal/Documents/SCHOOL/CMPE": file already exists
file mkdir C:/Users/theal/Documents/SCHOOL/CMPE 125 Lab/GitLabs/lab8/lab8.srcs/sim_1/new
can't create directory "C:/Users/theal/Documents/SCHOOL/CMPE": file already exists
set_property SOURCE_SET sources_1 [get_filesets sim_1]
file mkdir C:/Users/theal/Documents/SCHOOL/CMPE 125 Lab/GitLabs/lab8/lab8.srcs/sim_1/new
can't create directory "C:/Users/theal/Documents/SCHOOL/CMPE": file already exists
file mkdir {C:/Users/theal/Documents/SCHOOL/CMPE 125 Lab/GitLabs/lab8/lab8.srcs/sim_1/new}
close [ open {C:/Users/theal/Documents/SCHOOL/CMPE 125 Lab/GitLabs/lab8/lab8.srcs/sim_1/new/tb_divider_cu.v} w ]
add_files -fileset sim_1 {{C:/Users/theal/Documents/SCHOOL/CMPE 125 Lab/GitLabs/lab8/lab8.srcs/sim_1/new/tb_divider_cu.v}}
update_compile_order -fileset sim_1
update_compile_order -fileset sources_1
exit
INFO: [Common 17-206] Exiting Vivado at Sat Apr 21 02:04:31 2018...
