#-----------------------------------------------------------
# Vivado v2017.4 (64-bit)
# SW Build 2086221 on Fri Dec 15 20:55:39 MST 2017
# IP Build 2085800 on Fri Dec 15 22:25:07 MST 2017
# Start of session at: Sat Mar 17 18:39:26 2018
# Process ID: 4104
# Current directory: C:/Users/theal/Documents/SCHOOL/CMPE 125 Lab/GitLabs/lab4
# Command line: vivado.exe -gui_launcher_event rodinguilauncherevent2956 C:\Users\theal\Documents\SCHOOL\CMPE 125 Lab\GitLabs\lab4\lab4.xpr
# Log file: C:/Users/theal/Documents/SCHOOL/CMPE 125 Lab/GitLabs/lab4/vivado.log
# Journal file: C:/Users/theal/Documents/SCHOOL/CMPE 125 Lab/GitLabs/lab4\vivado.jou
#-----------------------------------------------------------
start_gui
open_project {C:/Users/theal/Documents/SCHOOL/CMPE 125 Lab/GitLabs/lab4/lab4.xpr}
INFO: [Project 1-313] Project file moved from 'C:/Users/uditc/lab4' since last save.
Scanning sources...
Finished scanning sources
INFO: [IP_Flow 19-234] Refreshing IP repositories
INFO: [IP_Flow 19-1704] No user IP repositories specified
INFO: [IP_Flow 19-2313] Loaded Vivado IP repository 'C:/Xilinx/Vivado/2017.4/data/ip'.
open_project: Time (s): cpu = 00:00:16 ; elapsed = 00:00:09 . Memory (MB): peak = 800.793 ; gain = 124.820
update_compile_order -fileset sources_1
exit
INFO: [Common 17-206] Exiting Vivado at Sat Mar 17 19:59:10 2018...
