#-----------------------------------------------------------
# Vivado v2017.4 (64-bit)
# SW Build 2086221 on Fri Dec 15 20:55:39 MST 2017
# IP Build 2085800 on Fri Dec 15 22:25:07 MST 2017
# Start of session at: Sat Mar 10 16:20:03 2018
# Process ID: 16920
# Current directory: C:/Users/theal/Documents/SCHOOL/CMPE 125 Lab/GitLabs/Lab5
# Command line: vivado.exe -gui_launcher_event rodinguilauncherevent17228 C:\Users\theal\Documents\SCHOOL\CMPE 125 Lab\GitLabs\Lab5\Lab5.xpr
# Log file: C:/Users/theal/Documents/SCHOOL/CMPE 125 Lab/GitLabs/Lab5/vivado.log
# Journal file: C:/Users/theal/Documents/SCHOOL/CMPE 125 Lab/GitLabs/Lab5\vivado.jou
#-----------------------------------------------------------
start_gui
open_project {C:/Users/theal/Documents/SCHOOL/CMPE 125 Lab/GitLabs/Lab5/Lab5.xpr}
INFO: [Project 1-313] Project file moved from 'C:/Users/uditc/Lab5' since last save.
Scanning sources...
Finished scanning sources
INFO: [IP_Flow 19-234] Refreshing IP repositories
INFO: [IP_Flow 19-1704] No user IP repositories specified
INFO: [IP_Flow 19-2313] Loaded Vivado IP repository 'C:/Xilinx/Vivado/2017.4/data/ip'.
open_project: Time (s): cpu = 00:00:14 ; elapsed = 00:00:08 . Memory (MB): peak = 778.801 ; gain = 57.199
update_compile_order -fileset sources_1
add_files {{C:/Users/theal/Documents/SCHOOL/CMPE 125 Lab/GitLabs/Lab5/Lab5.srcs/sources_1/new/PP.v} {C:/Users/theal/Documents/SCHOOL/CMPE 125 Lab/GitLabs/Lab5/Lab5.srcs/sources_1/new/cla_gen.v} {C:/Users/theal/Documents/SCHOOL/CMPE 125 Lab/GitLabs/Lab5/Lab5.srcs/sources_1/new/xor_gate_4.v} {C:/Users/theal/Documents/SCHOOL/CMPE 125 Lab/GitLabs/Lab5/Lab5.srcs/sources_1/new/cla_adder_8bit.v} {C:/Users/theal/Documents/SCHOOL/CMPE 125 Lab/GitLabs/Lab5/Lab5.srcs/sources_1/new/top_level_multiplier.v} {C:/Users/theal/Documents/SCHOOL/CMPE 125 Lab/GitLabs/Lab5/Lab5.srcs/sources_1/new/xor_gate.v} {C:/Users/theal/Documents/SCHOOL/CMPE 125 Lab/GitLabs/Lab5/Lab5.srcs/sources_1/new/adder.v} {C:/Users/theal/Documents/SCHOOL/CMPE 125 Lab/GitLabs/Lab5/Lab5.srcs/sources_1/new/PP_4.v} {C:/Users/theal/Documents/SCHOOL/CMPE 125 Lab/GitLabs/Lab5/Lab5.srcs/sources_1/new/half_adder.v} {C:/Users/theal/Documents/SCHOOL/CMPE 125 Lab/GitLabs/Lab5/Lab5.srcs/sources_1/new/cla_adder.v} {C:/Users/theal/Documents/SCHOOL/CMPE 125 Lab/GitLabs/Lab5/Lab5.srcs/sources_1/new/half_adder_4.v}}
WARNING: [filemgmt 56-12] File 'C:/Users/theal/Documents/SCHOOL/CMPE 125 Lab/GitLabs/Lab5/Lab5.srcs/sources_1/new/PP.v' cannot be added to the project because it already exists in the project, skipping this file
WARNING: [filemgmt 56-12] File 'C:/Users/theal/Documents/SCHOOL/CMPE 125 Lab/GitLabs/Lab5/Lab5.srcs/sources_1/new/cla_adder_8bit.v' cannot be added to the project because it already exists in the project, skipping this file
WARNING: [filemgmt 56-12] File 'C:/Users/theal/Documents/SCHOOL/CMPE 125 Lab/GitLabs/Lab5/Lab5.srcs/sources_1/new/top_level_multiplier.v' cannot be added to the project because it already exists in the project, skipping this file
WARNING: [filemgmt 56-12] File 'C:/Users/theal/Documents/SCHOOL/CMPE 125 Lab/GitLabs/Lab5/Lab5.srcs/sources_1/new/PP_4.v' cannot be added to the project because it already exists in the project, skipping this file
WARNING: [filemgmt 56-12] File 'C:/Users/theal/Documents/SCHOOL/CMPE 125 Lab/GitLabs/Lab5/Lab5.srcs/sources_1/new/cla_adder.v' cannot be added to the project because it already exists in the project, skipping this file
update_compile_order -fileset sources_1
update_compile_order -fileset sources_1
update_compile_order -fileset sources_1
export_ip_user_files -of_objects  [get_files {{C:/Users/theal/Documents/SCHOOL/CMPE 125 Lab/GitLabs/Lab5/Lab5.srcs/sources_1/new/adder.v}}] -no_script -reset -force -quiet
remove_files  {{C:/Users/theal/Documents/SCHOOL/CMPE 125 Lab/GitLabs/Lab5/Lab5.srcs/sources_1/new/adder.v}}
close [ open {C:/Users/theal/Documents/SCHOOL/CMPE 125 Lab/GitLabs/Lab5/Lab5.srcs/sources_1/new/4_bit_multiplier.v} w ]
add_files {{C:/Users/theal/Documents/SCHOOL/CMPE 125 Lab/GitLabs/Lab5/Lab5.srcs/sources_1/new/4_bit_multiplier.v}}
update_compile_order -fileset sources_1
export_ip_user_files -of_objects  [get_files {{C:/Users/theal/Documents/SCHOOL/CMPE 125 Lab/GitLabs/Lab5/Lab5.srcs/sources_1/new/4_bit_multiplier.v}}] -no_script -reset -force -quiet
remove_files  {{C:/Users/theal/Documents/SCHOOL/CMPE 125 Lab/GitLabs/Lab5/Lab5.srcs/sources_1/new/4_bit_multiplier.v}}
close [ open {C:/Users/theal/Documents/SCHOOL/CMPE 125 Lab/GitLabs/Lab5/Lab5.srcs/sources_1/new/multiplier_4bit.v} w ]
add_files {{C:/Users/theal/Documents/SCHOOL/CMPE 125 Lab/GitLabs/Lab5/Lab5.srcs/sources_1/new/multiplier_4bit.v}}
update_compile_order -fileset sources_1
exit
INFO: [Common 17-206] Exiting Vivado at Sat Mar 10 18:51:13 2018...
