#-----------------------------------------------------------
# Vivado v2017.4 (64-bit)
# SW Build 2086221 on Fri Dec 15 20:55:39 MST 2017
# IP Build 2085800 on Fri Dec 15 22:25:07 MST 2017
# Start of session at: Sat Feb 17 17:59:07 2018
# Process ID: 9904
# Current directory: C:/Users/theal/Documents/SCHOOL/CMPE 125 Lab/lab3/Lab_3
# Command line: vivado.exe -gui_launcher_event rodinguilauncherevent3236 C:\Users\theal\Documents\SCHOOL\CMPE 125 Lab\lab3\Lab_3\Lab_3.xpr
# Log file: C:/Users/theal/Documents/SCHOOL/CMPE 125 Lab/lab3/Lab_3/vivado.log
# Journal file: C:/Users/theal/Documents/SCHOOL/CMPE 125 Lab/lab3/Lab_3\vivado.jou
#-----------------------------------------------------------
start_gui
open_project {C:/Users/theal/Documents/SCHOOL/CMPE 125 Lab/lab3/Lab_3/Lab_3.xpr}
INFO: [Project 1-313] Project file moved from 'C:/Users/uditc/Lab_3' since last save.
Scanning sources...
Finished scanning sources
INFO: [IP_Flow 19-234] Refreshing IP repositories
INFO: [IP_Flow 19-1704] No user IP repositories specified
INFO: [IP_Flow 19-2313] Loaded Vivado IP repository 'C:/Xilinx/Vivado/2017.4/data/ip'.
open_project: Time (s): cpu = 00:00:14 ; elapsed = 00:00:07 . Memory (MB): peak = 805.043 ; gain = 114.582
update_compile_order -fileset sources_1
launch_simulation
INFO: [Vivado 12-5682] Launching behavioral simulation in 'C:/Users/theal/Documents/SCHOOL/CMPE 125 Lab/lab3/Lab_3/Lab_3.sim/sim_1/behav/xsim'
INFO: [SIM-utils-51] Simulation object is 'sim_1'
INFO: [SIM-utils-54] Inspecting design source files for 'encoder_tb' in fileset 'sim_1'...
INFO: [USF-XSim-97] Finding global include files...
INFO: [USF-XSim-98] Fetching design files from 'sim_1'...
INFO: [USF-XSim-2] XSim::Compile design
INFO: [USF-XSim-61] Executing 'COMPILE and ANALYZE' step in 'C:/Users/theal/Documents/SCHOOL/CMPE 125 Lab/lab3/Lab_3/Lab_3.sim/sim_1/behav/xsim'
"xvlog --incr --relax -prj encoder_tb_vlog.prj"
INFO: [VRFC 10-2263] Analyzing Verilog file "C:/Users/theal/Documents/SCHOOL/CMPE 125 Lab/lab3/Lab_3/Lab_3.srcs/sources_1/new/CAASEX_ENC8_3.v" into library xil_defaultlib
INFO: [VRFC 10-311] analyzing module CAASEX_ENC8_3
INFO: [VRFC 10-2263] Analyzing Verilog file "C:/Users/theal/Documents/SCHOOL/CMPE 125 Lab/lab3/Lab_3/Lab_3.srcs/sources_1/new/FOR_ENC8_3.v" into library xil_defaultlib
INFO: [VRFC 10-311] analyzing module FOR_ENC8_3
INFO: [VRFC 10-2263] Analyzing Verilog file "C:/Users/theal/Documents/SCHOOL/CMPE 125 Lab/lab3/Lab_3/Lab_3.srcs/sources_1/new/IF_ENC8_3.v" into library xil_defaultlib
INFO: [VRFC 10-311] analyzing module IF_ENC8_3
INFO: [VRFC 10-2263] Analyzing Verilog file "C:/Users/theal/Documents/SCHOOL/CMPE 125 Lab/lab3/Lab_3/Lab_3.srcs/sim_1/new/encoder_tb.v" into library xil_defaultlib
INFO: [VRFC 10-311] analyzing module encoder_tb
INFO: [VRFC 10-2263] Analyzing Verilog file "C:/Users/theal/Documents/SCHOOL/CMPE 125 Lab/lab3/Lab_3/Lab_3.sim/sim_1/behav/xsim/glbl.v" into library xil_defaultlib
INFO: [VRFC 10-311] analyzing module glbl
INFO: [USF-XSim-69] 'compile' step finished in '1' seconds
INFO: [USF-XSim-3] XSim::Elaborate design
INFO: [USF-XSim-61] Executing 'ELABORATE' step in 'C:/Users/theal/Documents/SCHOOL/CMPE 125 Lab/lab3/Lab_3/Lab_3.sim/sim_1/behav/xsim'
Vivado Simulator 2017.4
Copyright 1986-1999, 2001-2016 Xilinx, Inc. All Rights Reserved.
Running: C:/Xilinx/Vivado/2017.4/bin/unwrapped/win64.o/xelab.exe -wto 7efa3a595e574e1fb9aa6c9731b94fac --incr --debug typical --relax --mt 2 -L xil_defaultlib -L unisims_ver -L unimacro_ver -L secureip --snapshot encoder_tb_behav xil_defaultlib.encoder_tb xil_defaultlib.glbl -log elaborate.log 
Using 2 slave threads.
Starting static elaboration
Completed static elaboration
Starting simulation data flow analysis
Completed simulation data flow analysis
Time Resolution for simulation is 1ps
Compiling module xil_defaultlib.IF_ENC8_3
Compiling module xil_defaultlib.CAASEX_ENC8_3
Compiling module xil_defaultlib.FOR_ENC8_3
Compiling module xil_defaultlib.encoder_tb
Compiling module xil_defaultlib.glbl
Built simulation snapshot encoder_tb_behav
INFO: [USF-XSim-69] 'elaborate' step finished in '4' seconds
INFO: [USF-XSim-4] XSim::Simulate design
INFO: [USF-XSim-61] Executing 'SIMULATE' step in 'C:/Users/theal/Documents/SCHOOL/CMPE 125 Lab/lab3/Lab_3/Lab_3.sim/sim_1/behav/xsim'
INFO: [USF-XSim-98] *** Running xsim
   with args "encoder_tb_behav -key {Behavioral:sim_1:Functional:encoder_tb} -tclbatch {encoder_tb.tcl} -log {simulate.log}"
INFO: [USF-XSim-8] Loading simulator feature
Vivado Simulator 2017.4
Time resolution is 1 ps
source encoder_tb.tcl
# set curr_wave [current_wave_config]
# if { [string length $curr_wave] == 0 } {
#   if { [llength [get_objects]] > 0} {
#     add_wave /
#     set_property needs_save false [current_wave_config]
#   } else {
#      send_msg_id Add_Wave-1 WARNING "No top level signals found. Simulator will start without a wave window. If you want to open a wave window go to 'File->New Waveform Configuration' or type 'create_wave_config' in the TCL console."
#   }
# }
# run 1000ns
Valid is False
Valid is True
Valid is True
Valid is True
Valid is True
Valid is True
Valid is True
Valid is True
Valid is True
Valid is True
Valid is True
Valid is True
Valid is True
Valid is True
Valid is True
Valid is True
Valid is True
Valid is True
Valid is True
Valid is True
Valid is True
Valid is True
Valid is True
Valid is True
Valid is True
Valid is True
Valid is True
Valid is True
Valid is True
Valid is True
Valid is True
Valid is True
Valid is True
Valid is True
Valid is True
Valid is True
Valid is True
Valid is True
Valid is True
Valid is True
Valid is True
Valid is True
Valid is True
Valid is True
Valid is True
Valid is True
Valid is True
Valid is True
Valid is True
Valid is True
Valid is True
Valid is True
Valid is True
Valid is True
Valid is True
Valid is True
Valid is True
Valid is True
Valid is True
Valid is True
Valid is True
Valid is True
Valid is True
Valid is True
Valid is True
Valid is True
Valid is True
Valid is True
Valid is True
Valid is True
Valid is True
Valid is True
Valid is True
Valid is True
Valid is True
Valid is True
Valid is True
Valid is True
Valid is True
Valid is True
Valid is True
Valid is True
Valid is True
Valid is True
Valid is True
Valid is True
Valid is True
Valid is True
Valid is True
Valid is True
Valid is True
Valid is True
Valid is True
Valid is True
Valid is True
Valid is True
Valid is True
Valid is True
Valid is True
Valid is True
Valid is True
Valid is True
Valid is True
Valid is True
Valid is True
Valid is True
Valid is True
Valid is True
Valid is True
Valid is True
Valid is True
Valid is True
Valid is True
Valid is True
Valid is True
Valid is True
Valid is True
Valid is True
Valid is True
Valid is True
Valid is True
Valid is True
Valid is True
Valid is True
Valid is True
Valid is True
Valid is True
Valid is True
Valid is True
Valid is True
Valid is True
Valid is True
Valid is True
Valid is True
Valid is True
Valid is True
Valid is True
Valid is True
Valid is True
Valid is True
Valid is True
Valid is True
Valid is True
Valid is True
Valid is True
Valid is True
Valid is True
Valid is True
Valid is True
Valid is True
Valid is True
Valid is True
Valid is True
Valid is True
Valid is True
Valid is True
Valid is True
Valid is True
Valid is True
Valid is True
Valid is True
Valid is True
Valid is True
Valid is True
Valid is True
Valid is True
Valid is True
Valid is True
Valid is True
Valid is True
Valid is True
Valid is True
Valid is True
Valid is True
Valid is True
Valid is True
Valid is True
Valid is True
Valid is True
Valid is True
Valid is True
Valid is True
Valid is True
Valid is True
Valid is True
Valid is True
Valid is True
Valid is True
Valid is True
Valid is True
Valid is True
Valid is True
Valid is True
Valid is True
Valid is True
Valid is True
Valid is True
Valid is True
Valid is True
Valid is True
Valid is True
Valid is True
Valid is True
Valid is True
Valid is True
Valid is True
Valid is True
Valid is True
Valid is True
Valid is True
Valid is True
Valid is True
Valid is True
Valid is True
Valid is True
Valid is True
Valid is True
Valid is True
Valid is True
Valid is True
Valid is True
Valid is True
Valid is True
Valid is True
Valid is True
Valid is True
Valid is True
Valid is True
Valid is True
Valid is True
Valid is True
Valid is True
Valid is True
Valid is True
Valid is True
Valid is True
Valid is True
Valid is True
Valid is True
Valid is True
Valid is True
Valid is True
Valid is True
Valid is True
Valid is True
Valid is True
Valid is True
Valid is True
Valid is True
Valid is True
Valid is True
Valid is True
Valid is True
Valid is True
Valid is True
INFO: [USF-XSim-96] XSim completed. Design snapshot 'encoder_tb_behav' loaded.
INFO: [USF-XSim-97] XSim simulation ran for 1000ns
launch_simulation: Time (s): cpu = 00:00:09 ; elapsed = 00:00:10 . Memory (MB): peak = 849.430 ; gain = 20.270
close_sim
INFO: [Simtcl 6-16] Simulation closed
launch_simulation
INFO: [Vivado 12-5682] Launching behavioral simulation in 'C:/Users/theal/Documents/SCHOOL/CMPE 125 Lab/lab3/Lab_3/Lab_3.sim/sim_1/behav/xsim'
INFO: [SIM-utils-51] Simulation object is 'sim_1'
INFO: [SIM-utils-54] Inspecting design source files for 'encoder_tb' in fileset 'sim_1'...
INFO: [USF-XSim-97] Finding global include files...
INFO: [USF-XSim-98] Fetching design files from 'sim_1'...
INFO: [USF-XSim-2] XSim::Compile design
INFO: [USF-XSim-61] Executing 'COMPILE and ANALYZE' step in 'C:/Users/theal/Documents/SCHOOL/CMPE 125 Lab/lab3/Lab_3/Lab_3.sim/sim_1/behav/xsim'
"xvlog --incr --relax -prj encoder_tb_vlog.prj"
INFO: [VRFC 10-2263] Analyzing Verilog file "C:/Users/theal/Documents/SCHOOL/CMPE 125 Lab/lab3/Lab_3/Lab_3.srcs/sources_1/new/CAASEX_ENC8_3.v" into library xil_defaultlib
INFO: [VRFC 10-311] analyzing module CAASEX_ENC8_3
INFO: [VRFC 10-2263] Analyzing Verilog file "C:/Users/theal/Documents/SCHOOL/CMPE 125 Lab/lab3/Lab_3/Lab_3.srcs/sources_1/new/FOR_ENC8_3.v" into library xil_defaultlib
INFO: [VRFC 10-311] analyzing module FOR_ENC8_3
INFO: [VRFC 10-2263] Analyzing Verilog file "C:/Users/theal/Documents/SCHOOL/CMPE 125 Lab/lab3/Lab_3/Lab_3.srcs/sources_1/new/IF_ENC8_3.v" into library xil_defaultlib
INFO: [VRFC 10-311] analyzing module IF_ENC8_3
INFO: [VRFC 10-2263] Analyzing Verilog file "C:/Users/theal/Documents/SCHOOL/CMPE 125 Lab/lab3/Lab_3/Lab_3.srcs/sim_1/new/encoder_tb.v" into library xil_defaultlib
INFO: [VRFC 10-311] analyzing module encoder_tb
INFO: [USF-XSim-69] 'compile' step finished in '1' seconds
INFO: [USF-XSim-3] XSim::Elaborate design
INFO: [USF-XSim-61] Executing 'ELABORATE' step in 'C:/Users/theal/Documents/SCHOOL/CMPE 125 Lab/lab3/Lab_3/Lab_3.sim/sim_1/behav/xsim'
Vivado Simulator 2017.4
Copyright 1986-1999, 2001-2016 Xilinx, Inc. All Rights Reserved.
Running: C:/Xilinx/Vivado/2017.4/bin/unwrapped/win64.o/xelab.exe -wto 7efa3a595e574e1fb9aa6c9731b94fac --incr --debug typical --relax --mt 2 -L xil_defaultlib -L unisims_ver -L unimacro_ver -L secureip --snapshot encoder_tb_behav xil_defaultlib.encoder_tb xil_defaultlib.glbl -log elaborate.log 
Using 2 slave threads.
Starting static elaboration
Completed static elaboration
Starting simulation data flow analysis
Completed simulation data flow analysis
Time Resolution for simulation is 1ps
Compiling module xil_defaultlib.IF_ENC8_3
Compiling module xil_defaultlib.CAASEX_ENC8_3
Compiling module xil_defaultlib.FOR_ENC8_3
Compiling module xil_defaultlib.encoder_tb
Compiling module xil_defaultlib.glbl
Built simulation snapshot encoder_tb_behav
INFO: [USF-XSim-69] 'elaborate' step finished in '2' seconds
INFO: [USF-XSim-4] XSim::Simulate design
INFO: [USF-XSim-61] Executing 'SIMULATE' step in 'C:/Users/theal/Documents/SCHOOL/CMPE 125 Lab/lab3/Lab_3/Lab_3.sim/sim_1/behav/xsim'
INFO: [USF-XSim-98] *** Running xsim
   with args "encoder_tb_behav -key {Behavioral:sim_1:Functional:encoder_tb} -tclbatch {encoder_tb.tcl} -log {simulate.log}"
INFO: [USF-XSim-8] Loading simulator feature
Vivado Simulator 2017.4
Time resolution is 1 ps
source encoder_tb.tcl
# set curr_wave [current_wave_config]
# if { [string length $curr_wave] == 0 } {
#   if { [llength [get_objects]] > 0} {
#     add_wave /
#     set_property needs_save false [current_wave_config]
#   } else {
#      send_msg_id Add_Wave-1 WARNING "No top level signals found. Simulator will start without a wave window. If you want to open a wave window go to 'File->New Waveform Configuration' or type 'create_wave_config' in the TCL console."
#   }
# }
# run 1000ns
Valid is False
Valid is False
Valid is False
Valid is True
Valid is True
Valid is True
Valid is True
Valid is True
Valid is True
Valid is True
Valid is True
Valid is True
Valid is True
Valid is True
Valid is True
Valid is True
Valid is True
Valid is True
Valid is True
Valid is True
Valid is True
Valid is True
Valid is True
Valid is True
Valid is True
Valid is True
Valid is True
Valid is True
Valid is True
Valid is True
Valid is True
Valid is True
Valid is True
Valid is True
Valid is True
Valid is True
Valid is True
Valid is True
Valid is True
Valid is True
Valid is True
Valid is True
Valid is True
Valid is True
Valid is True
Valid is True
Valid is True
Valid is True
Valid is True
Valid is True
Valid is True
Valid is True
Valid is True
Valid is True
Valid is True
Valid is True
Valid is True
Valid is True
Valid is True
Valid is True
Valid is True
Valid is True
Valid is True
Valid is True
Valid is True
Valid is True
Valid is True
Valid is True
Valid is True
Valid is True
Valid is True
Valid is True
Valid is True
Valid is True
Valid is True
Valid is True
Valid is True
Valid is True
Valid is True
Valid is True
Valid is True
Valid is True
Valid is True
Valid is True
Valid is True
Valid is True
Valid is True
Valid is True
Valid is True
Valid is True
Valid is True
Valid is True
Valid is True
Valid is True
Valid is True
Valid is True
Valid is True
Valid is True
Valid is True
Valid is True
Valid is True
Valid is True
Valid is True
Valid is True
Valid is True
Valid is True
Valid is True
Valid is True
Valid is True
Valid is True
Valid is True
Valid is True
Valid is True
Valid is True
Valid is True
Valid is True
Valid is True
Valid is True
Valid is True
Valid is True
Valid is True
Valid is True
Valid is True
Valid is True
Valid is True
Valid is True
Valid is True
Valid is True
Valid is True
Valid is True
Valid is True
Valid is True
Valid is True
Valid is True
Valid is True
Valid is True
Valid is True
Valid is True
Valid is True
Valid is True
Valid is True
Valid is True
Valid is True
Valid is True
Valid is True
Valid is True
Valid is True
Valid is True
Valid is True
Valid is True
Valid is True
Valid is True
Valid is True
Valid is True
Valid is True
Valid is True
Valid is True
Valid is True
Valid is True
Valid is True
Valid is True
Valid is True
Valid is True
Valid is True
Valid is True
Valid is True
Valid is True
Valid is True
Valid is True
Valid is True
Valid is True
Valid is True
Valid is True
Valid is True
Valid is True
Valid is True
Valid is True
Valid is True
Valid is True
Valid is True
Valid is True
Valid is True
Valid is True
Valid is True
Valid is True
Valid is True
Valid is True
Valid is True
Valid is True
Valid is True
Valid is True
Valid is True
Valid is True
Valid is True
Valid is True
Valid is True
Valid is True
Valid is True
Valid is True
Valid is True
Valid is True
Valid is True
Valid is True
Valid is True
Valid is True
Valid is True
Valid is True
Valid is True
Valid is True
Valid is True
Valid is True
Valid is True
Valid is True
Valid is True
Valid is True
Valid is True
Valid is True
Valid is True
Valid is True
Valid is True
Valid is True
Valid is True
Valid is True
Valid is True
Valid is True
Valid is True
Valid is True
Valid is True
Valid is True
Valid is True
Valid is True
Valid is True
Valid is True
Valid is True
Valid is True
Valid is True
Valid is True
Valid is True
Valid is True
Valid is True
Valid is True
Valid is True
Valid is True
Valid is True
Valid is True
Valid is True
Valid is True
Valid is True
Valid is True
Valid is True
Valid is True
Valid is True
Valid is True
Valid is True
Valid is True
Valid is True
Valid is True
Valid is True
Valid is True
Valid is True
Valid is True
Valid is True
Valid is True
Valid is True
Valid is True
Valid is True
Valid is True
Valid is True
Valid is True
Valid is True
Valid is True
Valid is True
Valid is True
Valid is True
Valid is True
Valid is True
Valid is True
Valid is True
Valid is True
Valid is True
Valid is True
Valid is True
Valid is True
Valid is True
Valid is True
Valid is True
Valid is True
Valid is True
Valid is True
Valid is True
Valid is True
Valid is True
Valid is True
Valid is True
Valid is True
Valid is True
Valid is True
Valid is True
Valid is True
Valid is True
Valid is True
Valid is True
Valid is True
Valid is True
Valid is True
Valid is True
Valid is True
Valid is True
Valid is True
Valid is True
Valid is True
Valid is True
Valid is True
Valid is True
Valid is True
Valid is True
Valid is True
Valid is True
Valid is True
Valid is True
Valid is True
Valid is True
Valid is True
Valid is True
Valid is True
Valid is True
Valid is True
Valid is True
Valid is True
Valid is True
Valid is True
Valid is True
Valid is True
Valid is True
Valid is True
Valid is True
Valid is True
Valid is True
Valid is True
Valid is True
Valid is True
Valid is True
Valid is True
Valid is True
Valid is True
Valid is True
Valid is True
Valid is True
Valid is True
Valid is True
Valid is True
Valid is True
Valid is True
Valid is True
Valid is True
Valid is True
Valid is True
Valid is True
Valid is True
Valid is True
Valid is True
Valid is True
Valid is True
Valid is True
Valid is True
Valid is True
Valid is True
Valid is True
Valid is True
Valid is True
Valid is True
Valid is True
Valid is True
Valid is True
Valid is True
Valid is True
Valid is True
Valid is True
Valid is True
Valid is True
Valid is True
Valid is True
Valid is True
Valid is True
Valid is True
Valid is True
Valid is True
Valid is True
Valid is True
Valid is True
Valid is True
Valid is True
Valid is True
Valid is True
Valid is True
Valid is True
Valid is True
Valid is True
Valid is True
Valid is True
Valid is True
Valid is True
Valid is True
Valid is True
Valid is True
Valid is True
Valid is True
Valid is True
Valid is True
Valid is True
Valid is True
Valid is True
Valid is True
Valid is True
Valid is True
Valid is True
Valid is True
Valid is True
Valid is True
Valid is True
Valid is True
Valid is True
Valid is True
Valid is True
Valid is True
Valid is True
Valid is True
Valid is True
Valid is True
Valid is True
Valid is True
Valid is True
Valid is True
Valid is True
Valid is True
Valid is True
Valid is True
Valid is True
Valid is True
Valid is True
Valid is True
Valid is True
Valid is True
Valid is True
Valid is True
Valid is True
Valid is True
Valid is True
Valid is True
Valid is True
Valid is True
Valid is True
Valid is True
Valid is True
Valid is True
Valid is True
Valid is True
Valid is True
Valid is True
Valid is True
Valid is True
Valid is True
Valid is True
Valid is True
Valid is True
Valid is True
Valid is True
Valid is True
Valid is True
Valid is True
Valid is True
Valid is True
Valid is True
Valid is True
Valid is True
Valid is True
Valid is True
Valid is True
Valid is True
Valid is True
Valid is True
Valid is True
Valid is True
Valid is True
Valid is True
Valid is True
Valid is True
Valid is True
Valid is True
Valid is True
Valid is True
Valid is True
Valid is True
Valid is True
Valid is True
Valid is True
Valid is True
Valid is True
Valid is True
Valid is True
Valid is True
Valid is True
Valid is True
Valid is True
Valid is True
Valid is True
Valid is True
Valid is True
Valid is True
Valid is True
Valid is True
Valid is True
Valid is True
Valid is True
Valid is True
Valid is True
Valid is True
Valid is True
Valid is True
Valid is True
Valid is True
Valid is True
Valid is True
Valid is True
Valid is True
Valid is True
Valid is True
Valid is True
Valid is True
Valid is True
Valid is True
Valid is True
Valid is True
Valid is True
Valid is True
Valid is True
Valid is True
Valid is True
Valid is True
Valid is True
Valid is True
Valid is True
Valid is True
Valid is True
Valid is True
Valid is True
Valid is True
Valid is True
Valid is True
Valid is True
Valid is True
Valid is True
Valid is True
Valid is True
Valid is True
Valid is True
Valid is True
Valid is True
Valid is True
Valid is True
Valid is True
Valid is True
Valid is True
Valid is True
Valid is True
Valid is True
Valid is True
Valid is True
Valid is True
Valid is True
Valid is True
Valid is True
Valid is True
Valid is True
Valid is True
Valid is True
Valid is True
Valid is True
Valid is True
Valid is True
Valid is True
Valid is True
Valid is True
Valid is True
Valid is True
Valid is True
Valid is True
Valid is True
Valid is True
Valid is True
Valid is True
Valid is True
Valid is True
Valid is True
Valid is True
Valid is True
Valid is True
Valid is True
Valid is True
Valid is True
Valid is True
Valid is True
Valid is True
Valid is True
Valid is True
Valid is True
Valid is True
Valid is True
Valid is True
Valid is True
Valid is True
Valid is True
Valid is True
Valid is True
Valid is True
Valid is True
Valid is True
Valid is True
Valid is True
Valid is True
Valid is True
Valid is True
Valid is True
Valid is True
Valid is True
Valid is True
Valid is True
Valid is True
Valid is True
Valid is True
Valid is True
Valid is True
Valid is True
Valid is True
Valid is True
Valid is True
Valid is True
Valid is True
Valid is True
Valid is True
Valid is True
Valid is True
Valid is True
Valid is True
Valid is True
Valid is True
Valid is True
Valid is True
Valid is True
Valid is True
Valid is True
Valid is True
Valid is True
Valid is True
Valid is True
Valid is True
Valid is True
Valid is True
Valid is True
Valid is True
Valid is True
Valid is True
Valid is True
Valid is True
Valid is True
Valid is True
Valid is True
Valid is True
Valid is True
Valid is True
Valid is True
Valid is True
Valid is True
Valid is True
Valid is True
Valid is True
Valid is True
Valid is True
Valid is True
Valid is True
Valid is True
Valid is True
Valid is True
Valid is True
Valid is True
Valid is True
Valid is True
Valid is True
Valid is True
Valid is True
Valid is True
Valid is True
Valid is True
Valid is True
Valid is True
Valid is True
Valid is True
Valid is True
Valid is True
Valid is True
Valid is True
Valid is True
Valid is True
Valid is True
Valid is True
Valid is True
Valid is True
Valid is True
Valid is True
Valid is True
Valid is True
Valid is True
Valid is True
Valid is True
Valid is True
Valid is True
Valid is True
Valid is True
Valid is True
Valid is True
Valid is True
Valid is True
Valid is True
Valid is True
Valid is True
Valid is True
Valid is True
Valid is True
Valid is True
Valid is True
Valid is True
Valid is True
Valid is True
Valid is True
Valid is True
Valid is True
Valid is True
Valid is True
Valid is True
Valid is True
Valid is True
Valid is True
Valid is True
Valid is True
Valid is True
Valid is True
Valid is True
Valid is True
Valid is True
Valid is True
Valid is True
Valid is True
Valid is True
Valid is True
Valid is True
Valid is True
Valid is True
Valid is True
Valid is True
Valid is True
Valid is True
Valid is True
Valid is True
Valid is True
Valid is True
INFO: [USF-XSim-96] XSim completed. Design snapshot 'encoder_tb_behav' loaded.
INFO: [USF-XSim-97] XSim simulation ran for 1000ns
launch_simulation: Time (s): cpu = 00:00:05 ; elapsed = 00:00:06 . Memory (MB): peak = 855.277 ; gain = 0.000
close_sim
INFO: [Simtcl 6-16] Simulation closed
launch_simulation
INFO: [Vivado 12-5682] Launching behavioral simulation in 'C:/Users/theal/Documents/SCHOOL/CMPE 125 Lab/lab3/Lab_3/Lab_3.sim/sim_1/behav/xsim'
INFO: [SIM-utils-51] Simulation object is 'sim_1'
INFO: [SIM-utils-54] Inspecting design source files for 'encoder_tb' in fileset 'sim_1'...
INFO: [USF-XSim-97] Finding global include files...
INFO: [USF-XSim-98] Fetching design files from 'sim_1'...
INFO: [USF-XSim-2] XSim::Compile design
INFO: [USF-XSim-61] Executing 'COMPILE and ANALYZE' step in 'C:/Users/theal/Documents/SCHOOL/CMPE 125 Lab/lab3/Lab_3/Lab_3.sim/sim_1/behav/xsim'
"xvlog --incr --relax -prj encoder_tb_vlog.prj"
INFO: [VRFC 10-2263] Analyzing Verilog file "C:/Users/theal/Documents/SCHOOL/CMPE 125 Lab/lab3/Lab_3/Lab_3.srcs/sources_1/new/CAASEX_ENC8_3.v" into library xil_defaultlib
INFO: [VRFC 10-311] analyzing module CAASEX_ENC8_3
INFO: [VRFC 10-2263] Analyzing Verilog file "C:/Users/theal/Documents/SCHOOL/CMPE 125 Lab/lab3/Lab_3/Lab_3.srcs/sources_1/new/FOR_ENC8_3.v" into library xil_defaultlib
INFO: [VRFC 10-311] analyzing module FOR_ENC8_3
INFO: [VRFC 10-2263] Analyzing Verilog file "C:/Users/theal/Documents/SCHOOL/CMPE 125 Lab/lab3/Lab_3/Lab_3.srcs/sources_1/new/IF_ENC8_3.v" into library xil_defaultlib
INFO: [VRFC 10-311] analyzing module IF_ENC8_3
INFO: [VRFC 10-2263] Analyzing Verilog file "C:/Users/theal/Documents/SCHOOL/CMPE 125 Lab/lab3/Lab_3/Lab_3.srcs/sim_1/new/encoder_tb.v" into library xil_defaultlib
INFO: [VRFC 10-311] analyzing module encoder_tb
INFO: [USF-XSim-69] 'compile' step finished in '1' seconds
INFO: [USF-XSim-3] XSim::Elaborate design
INFO: [USF-XSim-61] Executing 'ELABORATE' step in 'C:/Users/theal/Documents/SCHOOL/CMPE 125 Lab/lab3/Lab_3/Lab_3.sim/sim_1/behav/xsim'
Vivado Simulator 2017.4
Copyright 1986-1999, 2001-2016 Xilinx, Inc. All Rights Reserved.
Running: C:/Xilinx/Vivado/2017.4/bin/unwrapped/win64.o/xelab.exe -wto 7efa3a595e574e1fb9aa6c9731b94fac --incr --debug typical --relax --mt 2 -L xil_defaultlib -L unisims_ver -L unimacro_ver -L secureip --snapshot encoder_tb_behav xil_defaultlib.encoder_tb xil_defaultlib.glbl -log elaborate.log 
Using 2 slave threads.
Starting static elaboration
Completed static elaboration
Starting simulation data flow analysis
Completed simulation data flow analysis
Time Resolution for simulation is 1ps
Compiling module xil_defaultlib.IF_ENC8_3
Compiling module xil_defaultlib.CAASEX_ENC8_3
Compiling module xil_defaultlib.FOR_ENC8_3
Compiling module xil_defaultlib.encoder_tb
Compiling module xil_defaultlib.glbl
Built simulation snapshot encoder_tb_behav
INFO: [USF-XSim-69] 'elaborate' step finished in '2' seconds
INFO: [USF-XSim-4] XSim::Simulate design
INFO: [USF-XSim-61] Executing 'SIMULATE' step in 'C:/Users/theal/Documents/SCHOOL/CMPE 125 Lab/lab3/Lab_3/Lab_3.sim/sim_1/behav/xsim'
INFO: [USF-XSim-98] *** Running xsim
   with args "encoder_tb_behav -key {Behavioral:sim_1:Functional:encoder_tb} -tclbatch {encoder_tb.tcl} -log {simulate.log}"
INFO: [USF-XSim-8] Loading simulator feature
Vivado Simulator 2017.4
Time resolution is 1 ps
source encoder_tb.tcl
# set curr_wave [current_wave_config]
# if { [string length $curr_wave] == 0 } {
#   if { [llength [get_objects]] > 0} {
#     add_wave /
#     set_property needs_save false [current_wave_config]
#   } else {
#      send_msg_id Add_Wave-1 WARNING "No top level signals found. Simulator will start without a wave window. If you want to open a wave window go to 'File->New Waveform Configuration' or type 'create_wave_config' in the TCL console."
#   }
# }
# run 1000ns
Valid is False
Valid is False
Valid is False
Valid is True
Valid is True
Valid is True
Valid is True
Valid is True
Valid is True
Valid is True
Valid is True
Valid is True
Valid is True
Valid is True
Valid is True
Valid is True
Valid is True
Valid is True
Valid is True
Valid is True
Valid is True
Valid is True
Valid is True
Valid is True
Valid is True
Valid is True
Valid is True
Valid is True
Valid is True
Valid is True
Valid is True
Valid is True
Valid is True
Valid is True
Valid is True
Valid is True
Valid is True
Valid is True
Valid is True
Valid is True
Valid is True
Valid is True
Valid is True
Valid is True
Valid is True
Valid is True
Valid is True
Valid is True
Valid is True
Valid is True
Valid is True
Valid is True
Valid is True
Valid is True
Valid is True
Valid is True
Valid is True
Valid is True
Valid is True
Valid is True
Valid is True
Valid is True
Valid is True
Valid is True
Valid is True
Valid is True
Valid is True
Valid is True
Valid is True
Valid is True
Valid is True
Valid is True
Valid is True
Valid is True
Valid is True
Valid is True
Valid is True
Valid is True
Valid is True
Valid is True
Valid is True
Valid is True
Valid is True
Valid is True
Valid is True
Valid is True
Valid is True
Valid is True
Valid is True
Valid is True
Valid is True
Valid is True
Valid is True
Valid is True
Valid is True
Valid is True
Valid is True
Valid is True
Valid is True
Valid is True
Valid is True
Valid is True
Valid is True
Valid is True
Valid is True
Valid is True
Valid is True
Valid is True
Valid is True
Valid is True
Valid is True
Valid is True
Valid is True
Valid is True
Valid is True
Valid is True
Valid is True
Valid is True
Valid is True
Valid is True
Valid is True
Valid is True
Valid is True
Valid is True
Valid is True
Valid is True
Valid is True
Valid is True
Valid is True
Valid is True
Valid is True
Valid is True
Valid is True
Valid is True
Valid is True
Valid is True
Valid is True
Valid is True
Valid is True
Valid is True
Valid is True
Valid is True
Valid is True
Valid is True
Valid is True
Valid is True
Valid is True
Valid is True
Valid is True
Valid is True
Valid is True
Valid is True
Valid is True
Valid is True
Valid is True
Valid is True
Valid is True
Valid is True
Valid is True
Valid is True
Valid is True
Valid is True
Valid is True
Valid is True
Valid is True
Valid is True
Valid is True
Valid is True
Valid is True
Valid is True
Valid is True
Valid is True
Valid is True
Valid is True
Valid is True
Valid is True
Valid is True
Valid is True
Valid is True
Valid is True
Valid is True
Valid is True
Valid is True
Valid is True
Valid is True
Valid is True
Valid is True
Valid is True
Valid is True
Valid is True
Valid is True
Valid is True
Valid is True
Valid is True
Valid is True
Valid is True
Valid is True
Valid is True
Valid is True
Valid is True
Valid is True
Valid is True
Valid is True
Valid is True
Valid is True
Valid is True
Valid is True
Valid is True
Valid is True
Valid is True
Valid is True
Valid is True
Valid is True
Valid is True
Valid is True
Valid is True
Valid is True
Valid is True
Valid is True
Valid is True
Valid is True
Valid is True
Valid is True
Valid is True
Valid is True
Valid is True
Valid is True
Valid is True
Valid is True
Valid is True
Valid is True
Valid is True
Valid is True
Valid is True
Valid is True
Valid is True
Valid is True
Valid is True
Valid is True
Valid is True
Valid is True
Valid is True
Valid is True
Valid is True
Valid is True
Valid is True
Valid is True
Valid is True
Valid is True
Valid is True
Valid is True
Valid is True
Valid is True
Valid is True
Valid is True
Valid is True
Valid is True
Valid is True
Valid is True
Valid is True
Valid is True
Valid is True
Valid is True
Valid is True
Valid is True
Valid is True
Valid is True
Valid is True
Valid is True
Valid is True
Valid is True
Valid is True
Valid is True
Valid is True
Valid is True
Valid is True
Valid is True
Valid is True
Valid is True
Valid is True
Valid is True
Valid is True
Valid is True
Valid is True
Valid is True
Valid is True
Valid is True
Valid is True
Valid is True
Valid is True
Valid is True
Valid is True
Valid is True
Valid is True
Valid is True
Valid is True
Valid is True
Valid is True
Valid is True
Valid is True
Valid is True
Valid is True
Valid is True
Valid is True
Valid is True
Valid is True
Valid is True
Valid is True
Valid is True
Valid is True
Valid is True
Valid is True
Valid is True
Valid is True
Valid is True
Valid is True
Valid is True
Valid is True
Valid is True
Valid is True
Valid is True
Valid is True
Valid is True
Valid is True
Valid is True
Valid is True
Valid is True
Valid is True
Valid is True
Valid is True
Valid is True
Valid is True
Valid is True
Valid is True
Valid is True
Valid is True
Valid is True
Valid is True
Valid is True
Valid is True
Valid is True
Valid is True
Valid is True
Valid is True
Valid is True
Valid is True
Valid is True
Valid is True
Valid is True
Valid is True
Valid is True
Valid is True
Valid is True
Valid is True
Valid is True
Valid is True
Valid is True
Valid is True
Valid is True
Valid is True
Valid is True
Valid is True
Valid is True
Valid is True
Valid is True
Valid is True
Valid is True
Valid is True
Valid is True
Valid is True
Valid is True
Valid is True
Valid is True
Valid is True
Valid is True
Valid is True
Valid is True
Valid is True
Valid is True
Valid is True
Valid is True
Valid is True
Valid is True
Valid is True
Valid is True
Valid is True
Valid is True
Valid is True
Valid is True
Valid is True
Valid is True
Valid is True
Valid is True
Valid is True
Valid is True
Valid is True
Valid is True
Valid is True
Valid is True
Valid is True
Valid is True
Valid is True
Valid is True
Valid is True
Valid is True
Valid is True
Valid is True
Valid is True
Valid is True
Valid is True
Valid is True
Valid is True
Valid is True
Valid is True
Valid is True
Valid is True
Valid is True
Valid is True
Valid is True
Valid is True
Valid is True
Valid is True
Valid is True
Valid is True
Valid is True
Valid is True
Valid is True
Valid is True
Valid is True
Valid is True
Valid is True
Valid is True
Valid is True
Valid is True
Valid is True
Valid is True
Valid is True
Valid is True
Valid is True
Valid is True
Valid is True
Valid is True
Valid is True
Valid is True
Valid is True
Valid is True
Valid is True
Valid is True
Valid is True
Valid is True
Valid is True
Valid is True
Valid is True
Valid is True
Valid is True
Valid is True
Valid is True
Valid is True
Valid is True
Valid is True
Valid is True
Valid is True
Valid is True
Valid is True
Valid is True
Valid is True
Valid is True
Valid is True
Valid is True
Valid is True
Valid is True
Valid is True
Valid is True
Valid is True
Valid is True
Valid is True
Valid is True
Valid is True
Valid is True
Valid is True
Valid is True
Valid is True
Valid is True
Valid is True
Valid is True
Valid is True
Valid is True
Valid is True
Valid is True
Valid is True
Valid is True
Valid is True
Valid is True
Valid is True
Valid is True
Valid is True
Valid is True
Valid is True
Valid is True
Valid is True
Valid is True
Valid is True
Valid is True
Valid is True
Valid is True
Valid is True
Valid is True
Valid is True
Valid is True
Valid is True
Valid is True
Valid is True
Valid is True
Valid is True
Valid is True
Valid is True
Valid is True
Valid is True
Valid is True
Valid is True
Valid is True
Valid is True
Valid is True
Valid is True
Valid is True
Valid is True
Valid is True
Valid is True
Valid is True
Valid is True
Valid is True
Valid is True
Valid is True
Valid is True
Valid is True
Valid is True
Valid is True
Valid is True
Valid is True
Valid is True
Valid is True
Valid is True
Valid is True
Valid is True
Valid is True
Valid is True
Valid is True
Valid is True
Valid is True
Valid is True
Valid is True
Valid is True
Valid is True
Valid is True
Valid is True
Valid is True
Valid is True
Valid is True
Valid is True
Valid is True
Valid is True
Valid is True
Valid is True
Valid is True
Valid is True
Valid is True
Valid is True
Valid is True
Valid is True
Valid is True
Valid is True
Valid is True
Valid is True
Valid is True
Valid is True
Valid is True
Valid is True
Valid is True
Valid is True
Valid is True
Valid is True
Valid is True
Valid is True
Valid is True
Valid is True
Valid is True
Valid is True
Valid is True
Valid is True
Valid is True
Valid is True
Valid is True
Valid is True
Valid is True
Valid is True
Valid is True
Valid is True
Valid is True
Valid is True
Valid is True
Valid is True
Valid is True
Valid is True
Valid is True
Valid is True
Valid is True
Valid is True
Valid is True
Valid is True
Valid is True
Valid is True
Valid is True
Valid is True
Valid is True
Valid is True
Valid is True
Valid is True
Valid is True
Valid is True
Valid is True
Valid is True
Valid is True
Valid is True
Valid is True
Valid is True
Valid is True
Valid is True
Valid is True
Valid is True
Valid is True
Valid is True
Valid is True
Valid is True
Valid is True
Valid is True
Valid is True
Valid is True
Valid is True
Valid is True
Valid is True
Valid is True
Valid is True
Valid is True
Valid is True
Valid is True
Valid is True
Valid is True
Valid is True
Valid is True
Valid is True
Valid is True
Valid is True
Valid is True
Valid is True
Valid is True
Valid is True
Valid is True
Valid is True
Valid is True
Valid is True
Valid is True
Valid is True
Valid is True
Valid is True
Valid is True
Valid is True
Valid is True
Valid is True
Valid is True
Valid is True
Valid is True
Valid is True
Valid is True
Valid is True
Valid is True
Valid is True
Valid is True
Valid is True
Valid is True
Valid is True
Valid is True
Valid is True
Valid is True
Valid is True
Valid is True
Valid is True
Valid is True
Valid is True
Valid is True
Valid is True
Valid is True
Valid is True
Valid is True
Valid is True
Valid is True
Valid is True
Valid is True
Valid is True
Valid is True
Valid is True
Valid is True
Valid is True
Valid is True
Valid is True
Valid is True
Valid is True
Valid is True
Valid is True
Valid is True
Valid is True
Valid is True
Valid is True
Valid is True
Valid is True
Valid is True
Valid is True
Valid is True
Valid is True
Valid is True
Valid is True
Valid is True
Valid is True
Valid is True
Valid is True
Valid is True
Valid is True
Valid is True
Valid is True
Valid is True
Valid is True
Valid is True
Valid is True
Valid is True
Valid is True
Valid is True
Valid is True
Valid is True
Valid is True
Valid is True
Valid is True
Valid is True
Valid is True
Valid is True
Valid is True
Valid is True
Valid is True
Valid is True
Valid is True
Valid is True
Valid is True
Valid is True
Valid is True
Valid is True
Valid is True
Valid is True
Valid is True
Valid is True
Valid is True
Valid is True
Valid is True
Valid is True
Valid is True
Valid is True
Valid is True
Valid is True
INFO: [USF-XSim-96] XSim completed. Design snapshot 'encoder_tb_behav' loaded.
INFO: [USF-XSim-97] XSim simulation ran for 1000ns
launch_simulation: Time (s): cpu = 00:00:02 ; elapsed = 00:00:05 . Memory (MB): peak = 861.977 ; gain = 0.000
close_sim
INFO: [Simtcl 6-16] Simulation closed
exit
INFO: [Common 17-206] Exiting Vivado at Sat Feb 17 18:16:00 2018...
